<?xml version="1.0" encoding="utf-8"?><testsuites name="pytest tests"><testsuite name="pytest" errors="0" failures="0" skipped="0" tests="23" time="5.402" timestamp="2026-04-09T10:35:46.422973+00:00" hostname="agent-env-9762cc86-6383-4e28-82a2-b0f4547ecd2f"><testcase classname="backend.tests.test_lms_panel.TestAuthEndpoints" name="test_teacher_login_success" time="0.236" /><testcase classname="backend.tests.test_lms_panel.TestAuthEndpoints" name="test_login_invalid_credentials" time="0.101" /><testcase classname="backend.tests.test_lms_panel.TestAuthEndpoints" name="test_student_registration" time="0.127" /><testcase classname="backend.tests.test_lms_panel.TestAuthEndpoints" name="test_student_login_pending_approval" time="0.242" /><testcase classname="backend.tests.test_lms_panel.TestAuthEndpoints" name="test_duplicate_registration" time="0.111" /><testcase classname="backend.tests.test_lms_panel.TestProtectedEndpoints" name="test_get_me_with_token" time="0.204" /><testcase classname="backend.tests.test_lms_panel.TestProtectedEndpoints" name="test_get_me_without_token" time="0.099" /><testcase classname="backend.tests.test_lms_panel.TestProtectedEndpoints" name="test_get_me_invalid_token" time="0.115" /><testcase classname="backend.tests.test_lms_panel.TestStudentManagement" name="test_get_all_students" time="0.242" /><testcase classname="backend.tests.test_lms_panel.TestStudentManagement" name="test_get_pending_students" time="0.205" /><testcase classname="backend.tests.test_lms_panel.TestStudentManagement" name="test_add_student_manually" time="0.325" /><testcase classname="backend.tests.test_lms_panel.TestStudentManagement" name="test_approve_student_workflow" time="0.543" /><testcase classname="backend.tests.test_lms_panel.TestLessons" name="test_create_lesson" time="0.224" /><testcase classname="backend.tests.test_lms_panel.TestLessons" name="test_get_lessons" time="0.210" /><testcase classname="backend.tests.test_lms_panel.TestLessons" name="test_create_and_delete_lesson" time="0.320" /><testcase classname="backend.tests.test_lms_panel.TestLessons" name="test_update_lesson" time="0.297" /><testcase classname="backend.tests.test_lms_panel.TestMaterials" name="test_create_material" time="0.229" /><testcase classname="backend.tests.test_lms_panel.TestMaterials" name="test_get_materials" time="0.210" /><testcase classname="backend.tests.test_lms_panel.TestMaterials" name="test_create_and_delete_material" time="0.296" /><testcase classname="backend.tests.test_lms_panel.TestNotifications" name="test_get_notifications" time="0.204" /><testcase classname="backend.tests.test_lms_panel.TestNotifications" name="test_get_unread_count" time="0.299" /><testcase classname="backend.tests.test_lms_panel.TestNotifications" name="test_mark_all_read" time="0.195" /><testcase classname="backend.tests.test_lms_panel.TestRescheduleRequests" name="test_get_reschedule_requests" time="0.244" /></testsuite></testsuites>